<?xml version="1.0" encoding="UTF-8"?>
<testsuite xmlns:xsi="http://www.w3.org/2001/XMLSchema-instance" xsi:noNamespaceSchemaLocation="https://maven.apache.org/surefire/maven-surefire-plugin/xsd/surefire-test-report.xsd" name="belajar.unit.tes.ConditionTest" time="0.088" tests="13" errors="0" skipped="6" failures="0">
  <properties>
[...]
</properties>
  <testcase name="testEnabledIfEnvironmentVariables" classname="belajar.unit.tes.ConditionTest" time="0">
    <skipped message="Environment variable [PROFILE] does not exist"/>
  </testcase>
  <testcase name="testRunOnWindows" classname="belajar.unit.tes.ConditionTest" time="0"/>
  <testcase name="testSystemProperties" classname="belajar.unit.tes.ConditionTest" time="0.086"/>
  <testcase name="testEnabledOnJava11ToJava17" classname="belajar.unit.tes.ConditionTest" time="0"/>
  <testcase name="testDisabledIfEnvironmentVariables" classname="belajar.unit.tes.ConditionTest" time="0"/>
  <testcase name="testDisabledOnJava8" classname="belajar.unit.tes.ConditionTest" time="0"/>
  <testcase name="testEnabledSystemProperty" classname="belajar.unit.tes.ConditionTest" time="0"/>
  <testcase name="testDisabledOnJava11ToJava17" classname="belajar.unit.tes.ConditionTest" time="0">
    <skipped message="Disabled on JRE version: 17.0.1"/>
  </testcase>
  <testcase name="testEnabledSystemProperties" classname="belajar.unit.tes.ConditionTest" time="0"/>
  <testcase name="testDisabledSystemProperty" classname="belajar.unit.tes.ConditionTest" time="0">
    <skipped message="System property [java.vendor] with value [Oracle Corporation] matches regular expression [Oracle Corporation]"/>
  </testcase>
  <testcase name="testDisabledOnWindows" classname="belajar.unit.tes.ConditionTest" time="0">
    <skipped message="Disabled on operating system: Windows 10"/>
  </testcase>
  <testcase name="testDisabledSystemProperties" classname="belajar.unit.tes.ConditionTest" time="0">
    <skipped message="System property [java.vendor] with value [Oracle Corporation] matches regular expression [Oracle Corporation]"/>
  </testcase>
  <testcase name="testEnabledOnJava8" classname="belajar.unit.tes.ConditionTest" time="0">
    <skipped message="Disabled on JRE version: 17.0.1"/>
  </testcase>
</testsuite>